[GODO-APP]2025/08/30 13:44:38 logger.go:66: THE WIDTH IS : 0
[GODO-APP]2025/08/30 13:44:38 logger.go:66: SELECTED ITEM {41 Update Documentation Ensure all new features and bug fixes are reflected in the project documentation. true}
[GODO-APP]2025/08/30 13:44:38 logger.go:66: MATCHED {41 Update Documentation Ensure all new features and bug fixes are reflected in the project documentation. true}
[GODO-APP]2025/08/30 13:44:38 logger.go:66: RIGHT CONTENT IS :  [48;2;248;186;255m [0m[1;38;2;0;0;0;48;2;248;186;255mStatus[0m[48;2;248;186;255m [0m : Compelted

[48;2;248;186;255m [0m[1;38;2;0;0;0;48;2;248;186;255mDescription[0m[48;2;248;186;255m [0m : Ensure all new features and bug fixes are reflected in the project documentation. 
[GODO-APP]2025/08/30 13:44:38 logger.go:66: HELPBR TOOK HEIGHT OF  1
[GODO-APP]2025/08/30 13:44:38 logger.go:66: SELECTED ITEM {41 Update Documentation Ensure all new features and bug fixes are reflected in the project documentation. true}
[GODO-APP]2025/08/30 13:44:38 logger.go:66: MATCHED {41 Update Documentation Ensure all new features and bug fixes are reflected in the project documentation. true}
[GODO-APP]2025/08/30 13:44:38 logger.go:66: RIGHT CONTENT IS :  [48;2;248;186;255m [0m[1;38;2;0;0;0;48;2;248;186;255mStatus[0m[48;2;248;186;255m [0m : Compelted

[48;2;248;186;255m [0m[1;38;2;0;0;0;48;2;248;186;255mDescription[0m[48;2;248;186;255m [0m : Ensure all new features and bug fixes are reflected in the project documentation. 
[GODO-APP]2025/08/30 13:44:38 logger.go:66: HELPBR TOOK HEIGHT OF  1
[GODO-APP]2025/08/30 13:44:38 logger.go:66: SELECTED ITEM {41 Update Documentation Ensure all new features and bug fixes are reflected in the project documentation. true}
[GODO-APP]2025/08/30 13:44:38 logger.go:66: MATCHED {41 Update Documentation Ensure all new features and bug fixes are reflected in the project documentation. true}
[GODO-APP]2025/08/30 13:44:38 logger.go:66: RIGHT CONTENT IS :  [48;2;248;186;255m [0m[1;38;2;0;0;0;48;2;248;186;255mStatus[0m[48;2;248;186;255m [0m : Compelted

[48;2;248;186;255m [0m[1;38;2;0;0;0;48;2;248;186;255mDescription[0m[48;2;248;186;255m [0m : Ensure all new features and bug fixes are reflected in the project documentation. 
[GODO-APP]2025/08/30 13:44:38 logger.go:66: HELPBR TOOK HEIGHT OF  1
[GODO-APP]2025/08/30 13:44:38 logger.go:94: === UpdateOnSize: Window resized to 148x32 ===
[GODO-APP]2025/08/30 13:44:38 logger.go:94: Usable area - Width: 148, Height: 30
[GODO-APP]2025/08/30 13:44:38 logger.go:94: Chat viewport set to - Width: 148, Height: 24 (80% of 30)
[GODO-APP]2025/08/30 13:44:38 logger.go:66: THE WIDTH IS : 88
[GODO-APP]2025/08/30 13:44:39 logger.go:66: === UpdateOnSize: Complete ===
[GODO-APP]2025/08/30 13:44:39 logger.go:66: SELECTED ITEM {41 Update Documentation Ensure all new features and bug fixes are reflected in the project documentation. true}
[GODO-APP]2025/08/30 13:44:39 logger.go:66: MATCHED {41 Update Documentation Ensure all new features and bug fixes are reflected in the project documentation. true}
[GODO-APP]2025/08/30 13:44:39 logger.go:66: RIGHT CONTENT IS :  [48;2;248;186;255m [0m[1;38;2;0;0;0;48;2;248;186;255mStatus[0m[48;2;248;186;255m [0m : Compelted

[48;2;248;186;255m [0m[1;38;2;0;0;0;48;2;248;186;255mDescription[0m[48;2;248;186;255m [0m : Ensure all new features and bug fixes are reflected in the project documentation. 
[GODO-APP]2025/08/30 13:44:39 logger.go:66: HELPBR TOOK HEIGHT OF  1
[GODO-APP]2025/08/30 13:44:39 logger.go:66: SELECTED ITEM {40 Attend Stand-up Meeting Participate in daily team stand-up to discuss progress and blockers. true}
[GODO-APP]2025/08/30 13:44:39 logger.go:66: MATCHED {40 Attend Stand-up Meeting Participate in daily team stand-up to discuss progress and blockers. true}
[GODO-APP]2025/08/30 13:44:39 logger.go:66: RIGHT CONTENT IS :  [48;2;248;186;255m [0m[1;38;2;0;0;0;48;2;248;186;255mStatus[0m[48;2;248;186;255m [0m : Compelted

[48;2;248;186;255m [0m[1;38;2;0;0;0;48;2;248;186;255mDescription[0m[48;2;248;186;255m [0m : Participate in daily team stand-up to discuss progress and blockers. 
[GODO-APP]2025/08/30 13:44:39 logger.go:66: HELPBR TOOK HEIGHT OF  1
[GODO-APP]2025/08/30 13:44:39 logger.go:66: SELECTED ITEM {39 Fix Bugs Investigate and resolve reported software bugs. true}
[GODO-APP]2025/08/30 13:44:39 logger.go:66: MATCHED {39 Fix Bugs Investigate and resolve reported software bugs. true}
[GODO-APP]2025/08/30 13:44:39 logger.go:66: RIGHT CONTENT IS :  [48;2;248;186;255m [0m[1;38;2;0;0;0;48;2;248;186;255mStatus[0m[48;2;248;186;255m [0m : Compelted

[48;2;248;186;255m [0m[1;38;2;0;0;0;48;2;248;186;255mDescription[0m[48;2;248;186;255m [0m : Investigate and resolve reported software bugs. 
[GODO-APP]2025/08/30 13:44:39 logger.go:66: HELPBR TOOK HEIGHT OF  1
[GODO-APP]2025/08/30 13:44:39 logger.go:66: SELECTED ITEM {38 Code New Feature Implement a new feature based on the product specifications. true}
[GODO-APP]2025/08/30 13:44:39 logger.go:66: MATCHED {38 Code New Feature Implement a new feature based on the product specifications. true}
[GODO-APP]2025/08/30 13:44:39 logger.go:66: RIGHT CONTENT IS :  [48;2;248;186;255m [0m[1;38;2;0;0;0;48;2;248;186;255mStatus[0m[48;2;248;186;255m [0m : Compelted

[48;2;248;186;255m [0m[1;38;2;0;0;0;48;2;248;186;255mDescription[0m[48;2;248;186;255m [0m : Implement a new feature based on the product specifications. 
[GODO-APP]2025/08/30 13:44:39 logger.go:66: HELPBR TOOK HEIGHT OF  1
[GODO-APP]2025/08/30 13:44:39 logger.go:66: SELECTED ITEM {37 Review Pull Requests Review open pull requests for quality and adherence to standards. true}
[GODO-APP]2025/08/30 13:44:39 logger.go:66: MATCHED {37 Review Pull Requests Review open pull requests for quality and adherence to standards. true}
[GODO-APP]2025/08/30 13:44:39 logger.go:66: RIGHT CONTENT IS :  [48;2;248;186;255m [0m[1;38;2;0;0;0;48;2;248;186;255mStatus[0m[48;2;248;186;255m [0m : Compelted

[48;2;248;186;255m [0m[1;38;2;0;0;0;48;2;248;186;255mDescription[0m[48;2;248;186;255m [0m : Review open pull requests for quality and adherence to standards. 
[GODO-APP]2025/08/30 13:44:39 logger.go:66: HELPBR TOOK HEIGHT OF  1
[GODO-APP]2025/08/30 13:44:40 logger.go:66: SELECTED ITEM {36 Daily routine i have to complete it false}
[GODO-APP]2025/08/30 13:44:40 logger.go:66: MATCHED {36 Daily routine i have to complete it false}
[GODO-APP]2025/08/30 13:44:40 logger.go:66: RIGHT CONTENT IS :  [48;2;248;186;255m [0m[1;38;2;0;0;0;48;2;248;186;255mStatus[0m[48;2;248;186;255m [0m : Not Compelted

[48;2;248;186;255m [0m[1;38;2;0;0;0;48;2;248;186;255mDescription[0m[48;2;248;186;255m [0m : i have to complete it 
[GODO-APP]2025/08/30 13:44:40 logger.go:66: HELPBR TOOK HEIGHT OF  1
[GODO-APP]2025/08/30 13:44:40 logger.go:66: SELECTED ITEM {35 Improve Math Skills Practice regularly, understand basics, identify weak areas, and use online resources. true}
[GODO-APP]2025/08/30 13:44:40 logger.go:66: MATCHED {35 Improve Math Skills Practice regularly, understand basics, identify weak areas, and use online resources. true}
[GODO-APP]2025/08/30 13:44:40 logger.go:66: RIGHT CONTENT IS :  [48;2;248;186;255m [0m[1;38;2;0;0;0;48;2;248;186;255mStatus[0m[48;2;248;186;255m [0m : Compelted

[48;2;248;186;255m [0m[1;38;2;0;0;0;48;2;248;186;255mDescription[0m[48;2;248;186;255m [0m : Practice regularly, understand basics, identify weak areas, and use online resources. 
[GODO-APP]2025/08/30 13:44:40 logger.go:66: HELPBR TOOK HEIGHT OF  1
[GODO-APP]2025/08/30 13:44:41 logger.go:66: SELECTED ITEM {35 Improve Math Skills Practice regularly, understand basics, identify weak areas, and use online resources. true}
[GODO-APP]2025/08/30 13:44:41 logger.go:66: MATCHED {35 Improve Math Skills Practice regularly, understand basics, identify weak areas, and use online resources. true}
[GODO-APP]2025/08/30 13:44:41 logger.go:66: RIGHT CONTENT IS :  [48;2;248;186;255m [0m[1;38;2;0;0;0;48;2;248;186;255mStatus[0m[48;2;248;186;255m [0m : Compelted

[48;2;248;186;255m [0m[1;38;2;0;0;0;48;2;248;186;255mDescription[0m[48;2;248;186;255m [0m : Practice regularly, understand basics, identify weak areas, and use online resources. 
[GODO-APP]2025/08/30 13:44:41 logger.go:66: HELPBR TOOK HEIGHT OF  1
[GODO-APP]2025/08/30 13:45:50 logger.go:66: SELECTED ITEM {35 Improve Math Skills Practice regularly, understand basics, identify weak areas, and use online resources. true}
[GODO-APP]2025/08/30 13:45:50 logger.go:66: MATCHED {35 Improve Math Skills Practice regularly, understand basics, identify weak areas, and use online resources. true}
[GODO-APP]2025/08/30 13:45:50 logger.go:66: RIGHT CONTENT IS :  [48;2;248;186;255m [0m[1;38;2;0;0;0;48;2;248;186;255mStatus[0m[48;2;248;186;255m [0m : Compelted

[48;2;248;186;255m [0m[1;38;2;0;0;0;48;2;248;186;255mDescription[0m[48;2;248;186;255m [0m : Practice regularly, understand basics, identify weak areas, and use online resources. 
[GODO-APP]2025/08/30 13:45:50 logger.go:66: HELPBR TOOK HEIGHT OF  1
[GODO-APP]2025/08/30 13:45:50 logger.go:66: SELECTED ITEM {35 Improve Math Skills Practice regularly, understand basics, identify weak areas, and use online resources. true}
[GODO-APP]2025/08/30 13:45:50 logger.go:66: MATCHED {35 Improve Math Skills Practice regularly, understand basics, identify weak areas, and use online resources. true}
[GODO-APP]2025/08/30 13:45:50 logger.go:66: RIGHT CONTENT IS :  [48;2;248;186;255m [0m[1;38;2;0;0;0;48;2;248;186;255mStatus[0m[48;2;248;186;255m [0m : Compelted

[48;2;248;186;255m [0m[1;38;2;0;0;0;48;2;248;186;255mDescription[0m[48;2;248;186;255m [0m : Practice regularly, understand basics, identify weak areas, and use online resources. 
[GODO-APP]2025/08/30 13:45:50 logger.go:66: HELPBR TOOK HEIGHT OF  1
